<?xml version="1.0" encoding="UTF-8"?>
<testng-results skipped="0" failed="0" total="1" passed="1">
  <reporter-output>
  </reporter-output>
  <suite name="Default suite" duration-ms="27174" started-at="2014-04-07T03:50:40Z" finished-at="2014-04-07T03:51:07Z">
    <groups>
    </groups>
    <test name="Default test" duration-ms="27174" started-at="2014-04-07T03:50:40Z" finished-at="2014-04-07T03:51:07Z">
      <class name="SeleniumGrid.TestGridFF">
        <test-method status="PASS" signature="TestAppFF()[pri:0, instance:SeleniumGrid.TestGridFF@19a8c41]" name="TestAppFF" duration-ms="27157" started-at="2014-04-07T09:20:40Z" finished-at="2014-04-07T09:21:07Z">
          <reporter-output>
          </reporter-output>
        </test-method> <!-- TestAppFF -->
      </class> <!-- SeleniumGrid.TestGridFF -->
    </test> <!-- Default test -->
  </suite> <!-- Default suite -->
</testng-results>
